<?xml version="1.0" encoding="UTF-8"?>
<testng-results skipped="0" failed="0" ignored="0" total="3" passed="3">
  <reporter-output>
  </reporter-output>
  <suite name="Default suite" duration-ms="19370" started-at="2017-10-11T09:18:58Z" finished-at="2017-10-11T09:19:18Z">
    <groups>
    </groups>
    <test name="Default test" duration-ms="19370" started-at="2017-10-11T09:18:58Z" finished-at="2017-10-11T09:19:18Z">
      <class name="test.TestSignUp">
        <test-method status="PASS" signature="setup()[pri:0, instance:test.TestSignUp@5b275dab]" name="setup" is-config="true" duration-ms="9561" started-at="2017-10-11T16:18:58Z" finished-at="2017-10-11T16:19:08Z">
          <reporter-output>
          </reporter-output>
        </test-method> <!-- setup -->
        <test-method status="PASS" signature="test_Signup()[pri:0, instance:test.TestSignUp@5b275dab]" name="test_Signup" duration-ms="6764" started-at="2017-10-11T16:19:08Z" finished-at="2017-10-11T16:19:15Z">
          <reporter-output>
          </reporter-output>
        </test-method> <!-- test_Signup -->
        <test-method status="PASS" signature="change_Currency()[pri:1, instance:test.TestSignUp@5b275dab]" name="change_Currency" duration-ms="140" started-at="2017-10-11T16:19:15Z" finished-at="2017-10-11T16:19:15Z">
          <reporter-output>
          </reporter-output>
        </test-method> <!-- change_Currency -->
        <test-method status="PASS" signature="change_Language()[pri:2, instance:test.TestSignUp@5b275dab]" name="change_Language" duration-ms="2886" started-at="2017-10-11T16:19:15Z" finished-at="2017-10-11T16:19:18Z">
          <reporter-output>
          </reporter-output>
        </test-method> <!-- change_Language -->
      </class> <!-- test.TestSignUp -->
    </test> <!-- Default test -->
  </suite> <!-- Default suite -->
</testng-results>
