<?xml version="1.0" encoding="UTF-8"?>
<testng-results skipped="0" failed="0" ignored="0" total="1" passed="1">
  <reporter-output>
  </reporter-output>
  <suite name="Default suite" duration-ms="13711" started-at="2017-10-11T07:33:00Z" finished-at="2017-10-11T07:33:14Z">
    <groups>
    </groups>
    <test name="Default test" duration-ms="13711" started-at="2017-10-11T07:33:00Z" finished-at="2017-10-11T07:33:14Z">
      <class name="test.TestSignUp">
        <test-method status="PASS" signature="setup()[pri:0, instance:test.TestSignUp@59f99ea]" name="setup" is-config="true" duration-ms="11406" started-at="2017-10-11T14:33:00Z" finished-at="2017-10-11T14:33:11Z">
          <reporter-output>
          </reporter-output>
        </test-method> <!-- setup -->
        <test-method status="PASS" signature="test_Signup()[pri:0, instance:test.TestSignUp@59f99ea]" name="test_Signup" duration-ms="2288" started-at="2017-10-11T14:33:11Z" finished-at="2017-10-11T14:33:14Z">
          <reporter-output>
          </reporter-output>
        </test-method> <!-- test_Signup -->
      </class> <!-- test.TestSignUp -->
    </test> <!-- Default test -->
  </suite> <!-- Default suite -->
</testng-results>
